<?xml version="1.0" encoding="UTF-8"?>
<!-- Generated by org.testng.reporters.JUnitXMLReporter -->
<testsuite hostname="AshutoshRaj-HP" ignored="0" name="Test" tests="2" failures="1" timestamp="03 Feb 2019 14:43:02 GMT" time="12.872" errors="0">
  <testcase name="testLogin" time="1.573" classname="scripts.TestValidLogin">
    <failure type="java.lang.AssertionError" message="expected [actiTIME - Enter Time-Track123] but found [actiTIME - Enter Time-Track]">
      <![CDATA[java.lang.AssertionError: expected [actiTIME - Enter Time-Track123] but found [actiTIME - Enter Time-Track]
at scripts.TestValidLogin.testLogin(TestValidLogin.java:31)
... Removed 31 stack frames]]>
    </failure>
  </testcase> <!-- testLogin -->
  <testcase name="testInvalidLogin" time="0.052" classname="scripts.TestInValidLogin"/>
</testsuite> <!-- Test -->
